<?xml version="1.0" encoding="UTF-8"?>
<!-- Generated by org.testng.reporters.JUnitXMLReporter -->
<testsuite ignored="0" hostname="DESKTOP-4KADTEQ" failures="0" tests="9" name="Default test" time="61.139" errors="0" timestamp="2023-01-04T19:17:42 IST">
  <testcase classname="testing.dev.BuyerPortal_ComparePageTest" name="signInPageTest" time="8.792"/>
  <testcase classname="testing.dev.BuyerPortal_ComparePageTest" name="comparePage01" time="19.399"/>
  <testcase classname="testing.dev.BuyerPortal_ComparePageTest" name="contactSupplier" time="3.611"/>
  <testcase classname="testing.dev.BuyerPortal_ComparePageTest" name="contactSupplier1" time="3.485"/>
  <testcase classname="testing.dev.BuyerPortal_ComparePageTest" name="requestQuote" time="1.213"/>
  <testcase classname="testing.dev.BuyerPortal_ComparePageTest" name="compare" time="12.506"/>
  <testcase classname="testing.dev.BuyerPortal_ComparePageTest" name="contactSupplier11" time="3.595"/>
  <testcase classname="testing.dev.BuyerPortal_ComparePageTest" name="contactSupplier12" time="3.357"/>
  <testcase classname="testing.dev.BuyerPortal_ComparePageTest" name="requestQuote1" time="1.087"/>
</testsuite> <!-- Default test -->
