<?xml version="1.0" encoding="UTF-8"?>
<!-- Generated by org.testng.reporters.JUnitXMLReporter -->
<testsuite ignored="0" hostname="DESKTOP-4KADTEQ" failures="0" tests="4" name="Default test" time="0.043" errors="0" timestamp="2022-12-23T18:16:01 IST">
  <testcase classname="testing.dev.BaseTest" name="@BeforeSuite setUp" time="0.006">
    <failure type="java.lang.Error" message="Unresolved compilation problems: 
	Unhandled exception type IOException
	Unhandled exception type IOException
">
      <![CDATA[java.lang.Error: Unresolved compilation problems: 
Unhandled exception type IOException
Unhandled exception type IOException

at testing.dev.BaseTest.setUp(BaseTest.java:112)
at java.base/jdk.internal.reflect.DirectMethodHandleAccessor.invoke(DirectMethodHandleAccessor.java:104)
at java.base/java.lang.reflect.Method.invoke(Method.java:577)
at org.testng.internal.MethodInvocationHelper.invokeMethod(MethodInvocationHelper.java:133)
at org.testng.internal.MethodInvocationHelper.invokeMethodConsideringTimeout(MethodInvocationHelper.java:62)
at org.testng.internal.ConfigInvoker.invokeConfigurationMethod(ConfigInvoker.java:385)
at org.testng.internal.ConfigInvoker.invokeConfigurations(ConfigInvoker.java:321)
at org.testng.SuiteRunner.privateRun(SuiteRunner.java:317)
at org.testng.SuiteRunner.run(SuiteRunner.java:276)
at org.testng.SuiteRunnerWorker.runSuite(SuiteRunnerWorker.java:53)
at org.testng.SuiteRunnerWorker.run(SuiteRunnerWorker.java:96)
at org.testng.TestNG.runSuitesSequentially(TestNG.java:1212)
at org.testng.TestNG.runSuitesLocally(TestNG.java:1134)
at org.testng.TestNG.runSuites(TestNG.java:1063)
at org.testng.TestNG.run(TestNG.java:1031)
at org.testng.remote.AbstractRemoteTestNG.run(AbstractRemoteTestNG.java:115)
at org.testng.remote.RemoteTestNG.initAndRun(RemoteTestNG.java:251)
at org.testng.remote.RemoteTestNG.main(RemoteTestNG.java:77)
]]>
    </failure>
  </testcase> <!-- @BeforeSuite setUp -->
  <testcase classname="testing.dev.BaseTest" name="@BeforeTest setReports" time="-1.67179956147E9">
    <skipped/>
  </testcase> <!-- @BeforeTest setReports -->
  <testcase classname="testing.dev.BaseTest" name="@BeforeMethod testName" time="-1.671799561489E9">
    <skipped/>
  </testcase> <!-- @BeforeMethod testName -->
  <testcase classname="testing.dev.BaseTest" name="@AfterMethod tearDown" time="-1.671799561493E9">
    <skipped/>
  </testcase> <!-- @AfterMethod tearDown -->
  <testcase classname="testing.dev.BaseTest" name="@BeforeMethod testName" time="-1.671799561497E9">
    <skipped/>
  </testcase> <!-- @BeforeMethod testName -->
  <testcase classname="testing.dev.BaseTest" name="@AfterMethod tearDown" time="-1.6717995615E9">
    <skipped/>
  </testcase> <!-- @AfterMethod tearDown -->
  <testcase classname="testing.dev.BaseTest" name="@BeforeMethod testName" time="-1.671799561501E9">
    <skipped/>
  </testcase> <!-- @BeforeMethod testName -->
  <testcase classname="testing.dev.BaseTest" name="@AfterMethod tearDown" time="-1.671799561504E9">
    <skipped/>
  </testcase> <!-- @AfterMethod tearDown -->
  <testcase classname="testing.dev.BaseTest" name="@BeforeMethod testName" time="-1.671799561506E9">
    <skipped/>
  </testcase> <!-- @BeforeMethod testName -->
  <testcase classname="testing.dev.BaseTest" name="@AfterMethod tearDown" time="-1.671799561509E9">
    <skipped/>
  </testcase> <!-- @AfterMethod tearDown -->
  <testcase classname="testing.dev.BaseTest" name="@AfterTest closeReport" time="-1.67179956151E9">
    <skipped/>
  </testcase> <!-- @AfterTest closeReport -->
  <testcase classname="testing.dev.BuyerPortalLogin" name="signInPageTest4" time="0.0">
    <skipped/>
  </testcase> <!-- signInPageTest4 -->
  <testcase classname="testing.dev.BuyerPortalLogin" name="signUpPageTest1" time="0.0">
    <skipped/>
  </testcase> <!-- signUpPageTest1 -->
  <testcase classname="testing.dev.BuyerPortalLogin" name="signUpPageTest2" time="0.0">
    <skipped/>
  </testcase> <!-- signUpPageTest2 -->
  <testcase classname="testing.dev.BuyerPortalLogin" name="signInPageTest3" time="0.0">
    <skipped/>
  </testcase> <!-- signInPageTest3 -->
</testsuite> <!-- Default test -->
