<?xml version="1.0" encoding="UTF-8"?>
<!-- Generated by org.testng.reporters.JUnitXMLReporter -->
<testsuite ignored="1" hostname="DESKTOP-4KADTEQ" failures="0" tests="2" name="Test2" time="91.371" errors="0" timestamp="2023-05-03T16:19:26 IST">
  <testcase classname="testing.dev.BuyerPortalLogin" name="signUpPageTest1" time="40.448"/>
  <testcase classname="testing.dev.BuyerPortalLogin" name="signInPageTest5" time="46.075"/>
  <testcase classname="testing.dev.BuyerPortalLogin" name="signUpPageTes" time="0.0">
    <ignored/>
  </testcase> <!-- signUpPageTes -->
</testsuite> <!-- Test2 -->
