<?xml version="1.0" encoding="UTF-8"?>
<!-- Generated by org.testng.reporters.JUnitXMLReporter -->
<testsuite ignored="1" hostname="DESKTOP-4KADTEQ" failures="0" tests="4" name="Test1" time="402.113" errors="0" timestamp="2023-05-03T16:17:54 IST">
  <testcase classname="testing.dev.BuyerPortalSignUpTest" name="signUpPageTest1" time="44.653"/>
  <testcase classname="testing.dev.BuyerPortalSignUpTest" name="signupPageTest3" time="32.379"/>
  <testcase classname="testing.dev.BuyerPortalSignUpTest" name="signUpPageTest4" time="151.582"/>
  <testcase classname="testing.dev.BuyerPortalSignUpTest" name="signUpPageTest5" time="122.299"/>
  <testcase classname="testing.dev.BuyerPortalSignUpTest" name="signUpPageTest2" time="0.0">
    <ignored/>
  </testcase> <!-- signUpPageTest2 -->
</testsuite> <!-- Test1 -->
