<?xml version="1.0" encoding="UTF-8"?>
<!-- Generated by org.testng.reporters.JUnitXMLReporter -->
<testsuite ignored="0" hostname="DESKTOP-4KADTEQ" failures="0" tests="3" name="Test6" time="397.883" errors="0" timestamp="2023-04-04T15:43:03 IST">
  <testcase classname="testing.dev.BuyerPortal_Trusted_EducationPageTest" name="signInPageTest1" time="109.359"/>
  <testcase classname="testing.dev.BuyerPortal_Trusted_EducationPageTest" name="TrustedPage" time="159.332"/>
  <testcase classname="testing.dev.BuyerPortal_Trusted_EducationPageTest" name="EucationPage" time="126.154"/>
</testsuite> <!-- Test6 -->
