<?xml version="1.0" encoding="UTF-8"?>
<!-- Generated by org.testng.reporters.JUnitXMLReporter -->
<testsuite ignored="0" hostname="DESKTOP-4KADTEQ" failures="1" tests="3" name="Test3" time="188.64" errors="0" timestamp="2023-08-11T11:34:01 IST">
  <testcase classname="testing.dev.BuyerPortal_DashboardPageTest" name="signUpPageTest1" time="51.969"/>
  <testcase classname="testing.dev.BuyerPortal_DashboardPageTest" name="dashboardPageTest1" time="40.815">
    <failure type="java.lang.AssertionError" message="expected [null] but found [You dont have any data on your table]">
      <![CDATA[java.lang.AssertionError: expected [null] but found [You dont have any data on your table]
at buyerportal.dev.ReusableFunction.assertion(ReusableFunction.java:229)
at buyerportal.dev.BuyerPortal_DashboardPage.DashboardPage(BuyerPortal_DashboardPage.java:86)
at testing.dev.BuyerPortal_DashboardPageTest.dashboardPageTest1(BuyerPortal_DashboardPageTest.java:19)
at java.base/java.util.ArrayList.forEach(ArrayList.java:1511)
... Removed 31 stack frames]]>
    </failure>
  </testcase> <!-- dashboardPageTest1 -->
  <testcase classname="testing.dev.BuyerPortal_DashboardPageTest" name="dashboardPageTest2" time="91.736"/>
</testsuite> <!-- Test3 -->
