<?xml version="1.0" encoding="UTF-8"?>
<!-- Generated by org.testng.reporters.JUnitXMLReporter -->
<testsuite ignored="0" hostname="DESKTOP-4KADTEQ" failures="1" tests="2" name="Test6" time="218.306" errors="0" timestamp="2023-08-11T11:41:52 IST">
  <testcase classname="testing.dev.BuyerPortal_EmcxPageTest" name="signUpPageTest1" time="52.034"/>
  <testcase classname="testing.dev.BuyerPortal_EmcxPageTest" name="emcxPage" time="162.222">
    <failure type="java.lang.IndexOutOfBoundsException" message="Index 1 out of bounds for length 1">
      <![CDATA[java.lang.IndexOutOfBoundsException: Index 1 out of bounds for length 1
at java.base/jdk.internal.util.Preconditions.outOfBounds(Preconditions.java:100)
at java.base/jdk.internal.util.Preconditions.outOfBoundsCheckIndex(Preconditions.java:106)
at java.base/jdk.internal.util.Preconditions.checkIndex(Preconditions.java:302)
at java.base/java.util.Objects.checkIndex(Objects.java:359)
at java.base/java.util.ArrayList.get(ArrayList.java:427)
at buyerportal.dev.ReusableFunction.switchTo(ReusableFunction.java:317)
at buyerportal.dev.BuyerPortal_EmcxPage.EmcxPage(BuyerPortal_EmcxPage.java:45)
at testing.dev.BuyerPortal_EmcxPageTest.emcxPage(BuyerPortal_EmcxPageTest.java:27)
at java.base/java.util.ArrayList.forEach(ArrayList.java:1511)
... Removed 25 stack frames]]>
    </failure>
  </testcase> <!-- emcxPage -->
</testsuite> <!-- Test6 -->
