<?xml version="1.0" encoding="UTF-8"?>
<!-- Generated by org.testng.reporters.JUnitXMLReporter -->
<testsuite ignored="0" hostname="DESKTOP-4KADTEQ" failures="0" tests="3" name="Test9" time="75.312" errors="0" timestamp="2023-08-11T11:57:49 IST">
  <testcase classname="testing.dev.BuyerPortal_Trusted_EducationPageTest" name="signUpPageTest1" time="53.091"/>
  <testcase classname="testing.dev.BuyerPortal_Trusted_EducationPageTest" name="TrustedPage" time="9.546"/>
  <testcase classname="testing.dev.BuyerPortal_Trusted_EducationPageTest" name="EucationPage" time="6.238"/>
</testsuite> <!-- Test9 -->
