<?xml version="1.0" encoding="UTF-8"?>
<!-- Generated by org.testng.reporters.JUnitXMLReporter -->
<testsuite ignored="0" hostname="DESKTOP-4KADTEQ" failures="0" tests="3" name="Test5" time="88.331" errors="0" timestamp="2023-08-11T11:38:14 IST">
  <testcase classname="testing.dev.BuyerPortal_FavouritePageTest" name="signUpPageTest1" time="52.164"/>
  <testcase classname="testing.dev.BuyerPortal_FavouritePageTest" name="loginsearchPageTest" time="13.186"/>
  <testcase classname="testing.dev.BuyerPortal_FavouritePageTest" name="favPage1" time="19.335"/>
</testsuite> <!-- Test5 -->
