<?xml version="1.0" encoding="UTF-8"?>
<!-- Generated by org.testng.reporters.JUnitXMLReporter -->
<testsuite ignored="0" hostname="DESKTOP-4KADTEQ" failures="0" tests="3" name="Test7" time="275.931" errors="0" timestamp="2023-08-11T11:46:28 IST">
  <testcase classname="testing.dev.BuyerPortal_FinancingPageTest" name="signUpPageTest1" time="52.641"/>
  <testcase classname="testing.dev.BuyerPortal_FinancingPageTest" name="financingpage_basicbusiness" time="61.77"/>
  <testcase classname="testing.dev.BuyerPortal_FinancingPageTest" name="financingpage_TradeDocuments" time="157.181"/>
</testsuite> <!-- Test7 -->
