<?xml version="1.0" encoding="UTF-8"?>
<!-- Generated by org.testng.reporters.JUnitXMLReporter -->
<testsuite ignored="0" hostname="DESKTOP-4KADTEQ" failures="0" tests="2" name="Test7" time="0.007" errors="0" timestamp="2023-03-01T22:17:24 IST">
  <testcase classname="testing.dev.BaseTest" name="@BeforeTest setUp" time="0.001">
    <failure type="java.lang.Error" message="Unresolved compilation problem: 
	Cannot switch on a value of type String for source level below 1.7. Only convertible int values or enum variables are permitted
">
      <![CDATA[java.lang.Error: Unresolved compilation problem: 
Cannot switch on a value of type String for source level below 1.7. Only convertible int values or enum variables are permitted

at buyerportal.dev.DriverFactory.int_Browser(DriverFactory.java:36)
at testing.dev.BaseTest.setUp(BaseTest.java:123)
... Removed 22 stack frames]]>
    </failure>
  </testcase> <!-- @BeforeTest setUp -->
  <testcase classname="testing.dev.BaseTest" name="@BeforeClass setReports" time="-1.677689244602E9">
    <skipped/>
  </testcase> <!-- @BeforeClass setReports -->
  <testcase classname="testing.dev.BaseTest" name="@BeforeMethod testName" time="-1.677689244603E9">
    <skipped/>
  </testcase> <!-- @BeforeMethod testName -->
  <testcase classname="testing.dev.BaseTest" name="@AfterMethod tearDown" time="-1.677689244604E9">
    <skipped/>
  </testcase> <!-- @AfterMethod tearDown -->
  <testcase classname="testing.dev.BaseTest" name="@BeforeMethod testName" time="-1.677689244604E9">
    <skipped/>
  </testcase> <!-- @BeforeMethod testName -->
  <testcase classname="testing.dev.BaseTest" name="@AfterMethod tearDown" time="-1.677689244605E9">
    <skipped/>
  </testcase> <!-- @AfterMethod tearDown -->
  <testcase classname="testing.dev.BaseTest" name="@AfterTest closeReport" time="-1.677689244606E9">
    <skipped/>
  </testcase> <!-- @AfterTest closeReport -->
  <testcase classname="testing.dev.BuyerPortal_LogisticsPageTest" name="signInPageTest1" time="0.0">
    <skipped/>
  </testcase> <!-- signInPageTest1 -->
  <testcase classname="testing.dev.BuyerPortal_LogisticsPageTest" name="logisticspage" time="0.0">
    <skipped/>
  </testcase> <!-- logisticspage -->
</testsuite> <!-- Test7 -->
