<?xml version="1.0" encoding="UTF-8"?>
<!-- Generated by org.testng.reporters.JUnitXMLReporter -->
<testsuite ignored="0" hostname="DESKTOP-4KADTEQ" failures="0" tests="9" name="Test4" time="0.032" errors="0" timestamp="2023-03-01T22:17:24 IST">
  <testcase classname="testing.dev.BaseTest" name="@BeforeTest setUp" time="0.001">
    <failure type="java.lang.Error" message="Unresolved compilation problem: 
	Cannot switch on a value of type String for source level below 1.7. Only convertible int values or enum variables are permitted
">
      <![CDATA[java.lang.Error: Unresolved compilation problem: 
Cannot switch on a value of type String for source level below 1.7. Only convertible int values or enum variables are permitted

at buyerportal.dev.DriverFactory.int_Browser(DriverFactory.java:36)
at testing.dev.BaseTest.setUp(BaseTest.java:123)
... Removed 22 stack frames]]>
    </failure>
  </testcase> <!-- @BeforeTest setUp -->
  <testcase classname="testing.dev.BaseTest" name="@BeforeClass setReports" time="-1.677689244508E9">
    <skipped/>
  </testcase> <!-- @BeforeClass setReports -->
  <testcase classname="testing.dev.BaseTest" name="@BeforeMethod testName" time="-1.67768924451E9">
    <skipped/>
  </testcase> <!-- @BeforeMethod testName -->
  <testcase classname="testing.dev.BaseTest" name="@AfterMethod tearDown" time="-1.677689244512E9">
    <skipped/>
  </testcase> <!-- @AfterMethod tearDown -->
  <testcase classname="testing.dev.BaseTest" name="@BeforeMethod testName" time="-1.677689244513E9">
    <skipped/>
  </testcase> <!-- @BeforeMethod testName -->
  <testcase classname="testing.dev.BaseTest" name="@AfterMethod tearDown" time="-1.677689244516E9">
    <skipped/>
  </testcase> <!-- @AfterMethod tearDown -->
  <testcase classname="testing.dev.BaseTest" name="@BeforeMethod testName" time="-1.677689244517E9">
    <skipped/>
  </testcase> <!-- @BeforeMethod testName -->
  <testcase classname="testing.dev.BaseTest" name="@AfterMethod tearDown" time="-1.677689244519E9">
    <skipped/>
  </testcase> <!-- @AfterMethod tearDown -->
  <testcase classname="testing.dev.BaseTest" name="@BeforeMethod testName" time="-1.67768924452E9">
    <skipped/>
  </testcase> <!-- @BeforeMethod testName -->
  <testcase classname="testing.dev.BaseTest" name="@AfterMethod tearDown" time="-1.677689244522E9">
    <skipped/>
  </testcase> <!-- @AfterMethod tearDown -->
  <testcase classname="testing.dev.BaseTest" name="@BeforeMethod testName" time="-1.677689244523E9">
    <skipped/>
  </testcase> <!-- @BeforeMethod testName -->
  <testcase classname="testing.dev.BaseTest" name="@AfterMethod tearDown" time="-1.677689244525E9">
    <skipped/>
  </testcase> <!-- @AfterMethod tearDown -->
  <testcase classname="testing.dev.BaseTest" name="@BeforeMethod testName" time="-1.677689244527E9">
    <skipped/>
  </testcase> <!-- @BeforeMethod testName -->
  <testcase classname="testing.dev.BaseTest" name="@AfterMethod tearDown" time="-1.677689244529E9">
    <skipped/>
  </testcase> <!-- @AfterMethod tearDown -->
  <testcase classname="testing.dev.BaseTest" name="@BeforeMethod testName" time="-1.67768924453E9">
    <skipped/>
  </testcase> <!-- @BeforeMethod testName -->
  <testcase classname="testing.dev.BaseTest" name="@AfterMethod tearDown" time="-1.677689244532E9">
    <skipped/>
  </testcase> <!-- @AfterMethod tearDown -->
  <testcase classname="testing.dev.BaseTest" name="@BeforeMethod testName" time="-1.677689244533E9">
    <skipped/>
  </testcase> <!-- @BeforeMethod testName -->
  <testcase classname="testing.dev.BaseTest" name="@AfterMethod tearDown" time="-1.677689244535E9">
    <skipped/>
  </testcase> <!-- @AfterMethod tearDown -->
  <testcase classname="testing.dev.BaseTest" name="@BeforeMethod testName" time="-1.677689244536E9">
    <skipped/>
  </testcase> <!-- @BeforeMethod testName -->
  <testcase classname="testing.dev.BaseTest" name="@AfterMethod tearDown" time="-1.677689244537E9">
    <skipped/>
  </testcase> <!-- @AfterMethod tearDown -->
  <testcase classname="testing.dev.BaseTest" name="@AfterTest closeReport" time="-1.677689244538E9">
    <skipped/>
  </testcase> <!-- @AfterTest closeReport -->
  <testcase classname="testing.dev.BuyerPortal_ComparePageTest" name="signInPageTest" time="0.0">
    <skipped/>
  </testcase> <!-- signInPageTest -->
  <testcase classname="testing.dev.BuyerPortal_ComparePageTest" name="comparePage01" time="0.0">
    <skipped/>
  </testcase> <!-- comparePage01 -->
  <testcase classname="testing.dev.BuyerPortal_ComparePageTest" name="contactSupplier" time="0.0">
    <skipped/>
  </testcase> <!-- contactSupplier -->
  <testcase classname="testing.dev.BuyerPortal_ComparePageTest" name="contactSupplier1" time="0.0">
    <skipped/>
  </testcase> <!-- contactSupplier1 -->
  <testcase classname="testing.dev.BuyerPortal_ComparePageTest" name="requestQuote" time="0.0">
    <skipped/>
  </testcase> <!-- requestQuote -->
  <testcase classname="testing.dev.BuyerPortal_ComparePageTest" name="compare" time="0.0">
    <skipped/>
  </testcase> <!-- compare -->
  <testcase classname="testing.dev.BuyerPortal_ComparePageTest" name="contactSupplier11" time="0.0">
    <skipped/>
  </testcase> <!-- contactSupplier11 -->
  <testcase classname="testing.dev.BuyerPortal_ComparePageTest" name="contactSupplier12" time="0.0">
    <skipped/>
  </testcase> <!-- contactSupplier12 -->
  <testcase classname="testing.dev.BuyerPortal_ComparePageTest" name="requestQuote1" time="0.0">
    <skipped/>
  </testcase> <!-- requestQuote1 -->
</testsuite> <!-- Test4 -->
