<?xml version="1.0" encoding="UTF-8"?>
<!-- Generated by org.testng.reporters.JUnitXMLReporter -->
<testsuite ignored="1" hostname="DESKTOP-4KADTEQ" failures="0" tests="3" name="Regression2" time="443.135" errors="0" timestamp="2022-12-27T19:08:03 IST">
  <testcase classname="testing.dev.BuyerPortalLogin" name="signUpPageTest1" time="18.162"/>
  <testcase classname="testing.dev.BuyerPortalLogin" name="signUpPageTest2" time="242.34"/>
  <testcase classname="testing.dev.BuyerPortalLogin" name="signInPageTest3" time="182.556"/>
  <testcase classname="testing.dev.BuyerPortalLogin" name="signInPageTest4" time="0.0">
    <ignored/>
  </testcase> <!-- signInPageTest4 -->
</testsuite> <!-- Regression2 -->
