<?xml version="1.0" encoding="UTF-8"?>
<!-- Generated by org.testng.reporters.JUnitXMLReporter -->
<testsuite ignored="4" hostname="DESKTOP-4KADTEQ" failures="1" tests="8" name="Regression" time="30.122" errors="0" timestamp="2022-12-27T18:55:46 IST">
  <testcase classname="testing.dev.BaseTest" name="@AfterMethod tearDown" time="0.003">
    <failure type="java.lang.NullPointerException" message="Cannot invoke &amp;quot;org.openqa.selenium.TakesScreenshot.getScreenshotAs(org.openqa.selenium.OutputType)&amp;quot; because &amp;quot;tks&amp;quot; is null">
      <![CDATA[java.lang.NullPointerException: Cannot invoke "org.openqa.selenium.TakesScreenshot.getScreenshotAs(org.openqa.selenium.OutputType)" because "tks" is null
at buyerportal.dev.ReusableFunction.captureScreenShot(ReusableFunction.java:820)
at testing.dev.BaseTest.tearDown(BaseTest.java:235)
at java.base/java.util.ArrayList.forEach(ArrayList.java:1511)
... Removed 30 stack frames]]>
    </failure>
  </testcase> <!-- @AfterMethod tearDown -->
  <testcase classname="testing.dev.BaseTest" name="@BeforeMethod testName" time="-1.672147546115E9">
    <skipped/>
  </testcase> <!-- @BeforeMethod testName -->
  <testcase classname="testing.dev.BaseTest" name="@AfterMethod tearDown" time="-1.672147546118E9">
    <skipped/>
  </testcase> <!-- @AfterMethod tearDown -->
  <testcase classname="testing.dev.BaseTest" name="@BeforeMethod testName" time="-1.672147546119E9">
    <skipped/>
  </testcase> <!-- @BeforeMethod testName -->
  <testcase classname="testing.dev.BaseTest" name="@AfterMethod tearDown" time="-1.672147546122E9">
    <skipped/>
  </testcase> <!-- @AfterMethod tearDown -->
  <testcase classname="testing.dev.BuyerPortal_search" name="signInPageTest" time="9.457"/>
  <testcase classname="testing.dev.BuyerPortal_search" name="loginsearchPageTest" time="7.004"/>
  <testcase classname="testing.dev.BuyerPortal_search" name="contactSupplier" time="8.293"/>
  <testcase classname="testing.dev.BuyerPortal_search" name="contactSupplier1" time="3.545"/>
  <testcase classname="testing.dev.BuyerPortal_search" name="requestQuote" time="1.272"/>
  <testcase classname="testing.dev.BuyerPortalLogin" name="signUpPageTest1" time="0.004">
    <failure type="java.lang.NullPointerException" message="Cannot invoke &amp;quot;java.util.Properties.getProperty(String)&amp;quot; because &amp;quot;this.properties&amp;quot; is null">
      <![CDATA[java.lang.NullPointerException: Cannot invoke "java.util.Properties.getProperty(String)" because "this.properties" is null
at testing.dev.BuyerPortalLogin.signUpPageTest1(BuyerPortalLogin.java:20)
at java.base/java.util.ArrayList.forEach(ArrayList.java:1511)
... Removed 25 stack frames]]>
    </failure>
  </testcase> <!-- signUpPageTest1 -->
  <testcase classname="testing.dev.BuyerPortalLogin" name="signUpPageTest2" time="0.0">
    <skipped/>
  </testcase> <!-- signUpPageTest2 -->
  <testcase classname="testing.dev.BuyerPortalLogin" name="signInPageTest3" time="0.0">
    <skipped/>
  </testcase> <!-- signInPageTest3 -->
  <testcase classname="testing.dev.BaseTest" name="@AfterTest closeReport" time="0.0">
    <ignored/>
  </testcase> <!-- @AfterTest closeReport -->
  <testcase classname="testing.dev.BaseTest" name="@BeforeSuite setUp" time="0.0">
    <ignored/>
  </testcase> <!-- @BeforeSuite setUp -->
  <testcase classname="testing.dev.BuyerPortalLogin" name="signInPageTest4" time="0.0">
    <ignored/>
  </testcase> <!-- signInPageTest4 -->
  <testcase classname="testing.dev.BaseTest" name="@BeforeTest setReports" time="0.0">
    <ignored/>
  </testcase> <!-- @BeforeTest setReports -->
</testsuite> <!-- Regression -->
