<?xml version="1.0" encoding="UTF-8"?>
<!-- Generated by org.testng.reporters.JUnitXMLReporter -->
<testsuite ignored="2" hostname="DESKTOP-4KADTEQ" failures="0" tests="2" name="Test2" time="19.344" errors="0" timestamp="2023-01-04T19:30:46 IST">
  <testcase classname="testing.dev.BuyerPortalLogin" name="signUpPageTest1" time="12.276"/>
  <testcase classname="testing.dev.BuyerPortalLogin" name="signInPageTest3" time="3.886"/>
  <testcase classname="testing.dev.BuyerPortalLogin" name="signUpPageTest2" time="0.0">
    <ignored/>
  </testcase> <!-- signUpPageTest2 -->
  <testcase classname="testing.dev.BuyerPortalLogin" name="signInPageTest4" time="0.0">
    <ignored/>
  </testcase> <!-- signInPageTest4 -->
</testsuite> <!-- Test2 -->
