<?xml version="1.0" encoding="UTF-8"?>
<!-- Generated by org.testng.reporters.JUnitXMLReporter -->
<testsuite ignored="0" hostname="DESKTOP-4KADTEQ" failures="0" tests="9" name="Test4" time="58.656" errors="0" timestamp="2023-01-04T19:43:38 IST">
  <testcase classname="testing.dev.BuyerPortal_ComparePageTest" name="signInPageTest" time="8.754"/>
  <testcase classname="testing.dev.BuyerPortal_ComparePageTest" name="comparePage01" time="19.264"/>
  <testcase classname="testing.dev.BuyerPortal_ComparePageTest" name="contactSupplier" time="3.492"/>
  <testcase classname="testing.dev.BuyerPortal_ComparePageTest" name="contactSupplier1" time="3.033"/>
  <testcase classname="testing.dev.BuyerPortal_ComparePageTest" name="requestQuote" time="0.949"/>
  <testcase classname="testing.dev.BuyerPortal_ComparePageTest" name="compare" time="12.474"/>
  <testcase classname="testing.dev.BuyerPortal_ComparePageTest" name="contactSupplier11" time="3.428"/>
  <testcase classname="testing.dev.BuyerPortal_ComparePageTest" name="contactSupplier12" time="3.165"/>
  <testcase classname="testing.dev.BuyerPortal_ComparePageTest" name="requestQuote1" time="0.879"/>
</testsuite> <!-- Test4 -->
