<?xml version="1.0" encoding="UTF-8"?>
<!-- Generated by org.testng.reporters.JUnitXMLReporter -->
<testsuite ignored="0" hostname="DESKTOP-4KADTEQ" failures="0" tests="5" name="Test1" time="31.39" errors="0" timestamp="2023-01-04T19:30:27 IST">
  <testcase classname="testing.dev.BuyerPortal_search" name="signInPageTest" time="8.898"/>
  <testcase classname="testing.dev.BuyerPortal_search" name="loginsearchPageTest" time="6.734"/>
  <testcase classname="testing.dev.BuyerPortal_search" name="contactSupplier" time="5.371"/>
  <testcase classname="testing.dev.BuyerPortal_search" name="contactSupplier1" time="3.18"/>
  <testcase classname="testing.dev.BuyerPortal_search" name="requestQuote" time="1.025"/>
</testsuite> <!-- Test1 -->
