<?xml version="1.0" encoding="UTF-8"?>
<!-- Generated by org.testng.reporters.JUnitXMLReporter -->
<testsuite ignored="0" hostname="DESKTOP-4KADTEQ" failures="1" tests="7" name="Test1" time="0.433" errors="0" timestamp="2022-12-20T21:26:22 IST">
  <testcase classname="testing.dev.BaseTest" name="@AfterMethod tearDown" time="0.016">
    <failure type="java.lang.NullPointerException" message="Cannot invoke &amp;quot;org.openqa.selenium.TakesScreenshot.getScreenshotAs(org.openqa.selenium.OutputType)&amp;quot; because &amp;quot;tks&amp;quot; is null">
      <![CDATA[java.lang.NullPointerException: Cannot invoke "org.openqa.selenium.TakesScreenshot.getScreenshotAs(org.openqa.selenium.OutputType)" because "tks" is null
at buyerportal.dev.ReusableFunction.captureScreenShot(ReusableFunction.java:790)
at testing.dev.BaseTest.tearDown(BaseTest.java:233)
at java.base/java.util.ArrayList.forEach(ArrayList.java:1511)
at java.base/java.util.concurrent.FutureTask.run(FutureTask.java:264)
at java.base/java.util.concurrent.ThreadPoolExecutor.runWorker(ThreadPoolExecutor.java:1136)
at java.base/java.util.concurrent.ThreadPoolExecutor$Worker.run(ThreadPoolExecutor.java:635)
at java.base/java.lang.Thread.run(Thread.java:833)
... Removed 21 stack frames]]>
    </failure>
  </testcase> <!-- @AfterMethod tearDown -->
  <testcase classname="testing.dev.BaseTest" name="@BeforeMethod testName" time="-1.671551782327E9">
    <skipped/>
  </testcase> <!-- @BeforeMethod testName -->
  <testcase classname="testing.dev.BaseTest" name="@AfterMethod tearDown" time="-1.671551782334E9">
    <skipped/>
  </testcase> <!-- @AfterMethod tearDown -->
  <testcase classname="testing.dev.BaseTest" name="@BeforeMethod testName" time="-1.671551782335E9">
    <skipped/>
  </testcase> <!-- @BeforeMethod testName -->
  <testcase classname="testing.dev.BaseTest" name="@AfterMethod tearDown" time="-1.671551782343E9">
    <skipped/>
  </testcase> <!-- @AfterMethod tearDown -->
  <testcase classname="testing.dev.BaseTest" name="@BeforeMethod testName" time="-1.671551782344E9">
    <skipped/>
  </testcase> <!-- @BeforeMethod testName -->
  <testcase classname="testing.dev.BaseTest" name="@AfterMethod tearDown" time="-1.671551782348E9">
    <skipped/>
  </testcase> <!-- @AfterMethod tearDown -->
  <testcase classname="testing.dev.BaseTest" name="@BeforeMethod testName" time="-1.67155178235E9">
    <skipped/>
  </testcase> <!-- @BeforeMethod testName -->
  <testcase classname="testing.dev.BaseTest" name="@AfterMethod tearDown" time="-1.671551782352E9">
    <skipped/>
  </testcase> <!-- @AfterMethod tearDown -->
  <testcase classname="testing.dev.BaseTest" name="@BeforeMethod testName" time="-1.671551782353E9">
    <skipped/>
  </testcase> <!-- @BeforeMethod testName -->
  <testcase classname="testing.dev.BaseTest" name="@AfterMethod tearDown" time="-1.671551782357E9">
    <skipped/>
  </testcase> <!-- @AfterMethod tearDown -->
  <testcase classname="testing.dev.BaseTest" name="@BeforeMethod testName" time="-1.671551782358E9">
    <skipped/>
  </testcase> <!-- @BeforeMethod testName -->
  <testcase classname="testing.dev.BaseTest" name="@AfterMethod tearDown" time="-1.671551782361E9">
    <skipped/>
  </testcase> <!-- @AfterMethod tearDown -->
  <testcase classname="testing.dev.BuyerPortal_LandingPagetest" name="search" time="0.005">
    <failure type="java.lang.NullPointerException" message="Cannot invoke &amp;quot;java.util.Properties.getProperty(String)&amp;quot; because &amp;quot;this.properties&amp;quot; is null">
      <![CDATA[java.lang.NullPointerException: Cannot invoke "java.util.Properties.getProperty(String)" because "this.properties" is null
at testing.dev.BuyerPortal_LandingPagetest.search(BuyerPortal_LandingPagetest.java:17)
at java.base/java.util.ArrayList.forEach(ArrayList.java:1511)
at java.base/java.util.concurrent.FutureTask.run(FutureTask.java:264)
at java.base/java.util.concurrent.ThreadPoolExecutor.runWorker(ThreadPoolExecutor.java:1136)
at java.base/java.util.concurrent.ThreadPoolExecutor$Worker.run(ThreadPoolExecutor.java:635)
at java.base/java.lang.Thread.run(Thread.java:833)
... Removed 16 stack frames]]>
    </failure>
  </testcase> <!-- search -->
  <testcase classname="testing.dev.BuyerPortal_LandingPagetest" name="popularSearch" time="0.0">
    <skipped/>
  </testcase> <!-- popularSearch -->
  <testcase classname="testing.dev.BuyerPortal_LandingPagetest" name="categories" time="0.0">
    <skipped/>
  </testcase> <!-- categories -->
  <testcase classname="testing.dev.BuyerPortal_LandingPagetest" name="testimonials" time="0.0">
    <skipped/>
  </testcase> <!-- testimonials -->
  <testcase classname="testing.dev.BuyerPortal_LandingPagetest" name="footer1" time="0.0">
    <skipped/>
  </testcase> <!-- footer1 -->
  <testcase classname="testing.dev.BuyerPortal_LandingPagetest" name="signInPageTest" time="0.0">
    <skipped/>
  </testcase> <!-- signInPageTest -->
  <testcase classname="testing.dev.BuyerPortal_LandingPagetest" name="searchpage" time="0.0">
    <skipped/>
  </testcase> <!-- searchpage -->
</testsuite> <!-- Test1 -->
