<?xml version="1.0" encoding="UTF-8"?>
<testng-results ignored="0" total="2" passed="2" failed="0" skipped="0">
  <reporter-output>
  </reporter-output>
  <suite started-at="2023-01-02T19:20:29 IST" name="Default suite" finished-at="2023-01-02T19:21:08 IST" duration-ms="39518">
    <groups>
    </groups>
    <test started-at="2023-01-02T19:20:29 IST" name="Default test" finished-at="2023-01-02T19:21:08 IST" duration-ms="39518">
      <class name="testing.dev.BuyerPortal_FinancialPageTest">
        <test-method is-config="true" signature="setUp()[pri:0, instance:testing.dev.BuyerPortal_FinancialPageTest@795cd85e]" started-at="2023-01-02T19:20:25 IST" name="setUp" finished-at="2023-01-02T19:20:29 IST" duration-ms="3418" status="PASS">
          <reporter-output>
          </reporter-output>
        </test-method> <!-- setUp -->
        <test-method is-config="true" signature="setReports()[pri:0, instance:testing.dev.BuyerPortal_FinancialPageTest@795cd85e]" started-at="2023-01-02T19:20:29 IST" name="setReports" finished-at="2023-01-02T19:20:29 IST" duration-ms="153" status="PASS">
          <reporter-output>
          </reporter-output>
        </test-method> <!-- setReports -->
        <test-method is-config="true" signature="testName(java.lang.reflect.Method)[pri:0, instance:testing.dev.BuyerPortal_FinancialPageTest@795cd85e]" started-at="2023-01-02T19:20:29 IST" name="testName" finished-at="2023-01-02T19:20:29 IST" duration-ms="2" status="PASS">
          <params>
            <param index="0">
              <value>
                <![CDATA[public void testing.dev.BuyerPortal_FinancialPageTest.signInPageTest() throws java.io.IOException,java.lang.InterruptedException]]>
              </value>
            </param>
          </params>
          <reporter-output>
          </reporter-output>
        </test-method> <!-- testName -->
        <test-method signature="signInPageTest()[pri:1, instance:testing.dev.BuyerPortal_FinancialPageTest@795cd85e]" started-at="2023-01-02T19:20:29 IST" name="signInPageTest" finished-at="2023-01-02T19:20:35 IST" duration-ms="6421" status="PASS">
          <reporter-output>
          </reporter-output>
        </test-method> <!-- signInPageTest -->
        <test-method is-config="true" signature="tearDown(org.testng.ITestResult)[pri:0, instance:testing.dev.BuyerPortal_FinancialPageTest@795cd85e]" started-at="2023-01-02T19:20:35 IST" name="tearDown" finished-at="2023-01-02T19:20:35 IST" duration-ms="1" status="PASS">
          <params>
            <param index="0">
              <value>
                <![CDATA[[TestResult name=signInPageTest status=SUCCESS method=BuyerPortal_FinancialPageTest.signInPageTest()[pri:1, instance:testing.dev.BuyerPortal_FinancialPageTest@795cd85e] output={null}]]]>
              </value>
            </param>
          </params>
          <reporter-output>
          </reporter-output>
        </test-method> <!-- tearDown -->
        <test-method is-config="true" signature="testName(java.lang.reflect.Method)[pri:0, instance:testing.dev.BuyerPortal_FinancialPageTest@795cd85e]" started-at="2023-01-02T19:20:35 IST" name="testName" finished-at="2023-01-02T19:20:35 IST" duration-ms="0" status="PASS">
          <params>
            <param index="0">
              <value>
                <![CDATA[public void testing.dev.BuyerPortal_FinancialPageTest.financialpagetest1() throws java.io.IOException,java.lang.InterruptedException]]>
              </value>
            </param>
          </params>
          <reporter-output>
          </reporter-output>
        </test-method> <!-- testName -->
        <test-method signature="financialpagetest1()[pri:2, instance:testing.dev.BuyerPortal_FinancialPageTest@795cd85e]" started-at="2023-01-02T19:20:35 IST" name="financialpagetest1" finished-at="2023-01-02T19:21:08 IST" duration-ms="32413" status="PASS">
          <reporter-output>
          </reporter-output>
        </test-method> <!-- financialpagetest1 -->
        <test-method is-config="true" signature="tearDown(org.testng.ITestResult)[pri:0, instance:testing.dev.BuyerPortal_FinancialPageTest@795cd85e]" started-at="2023-01-02T19:21:08 IST" name="tearDown" finished-at="2023-01-02T19:21:08 IST" duration-ms="1" status="PASS">
          <params>
            <param index="0">
              <value>
                <![CDATA[[TestResult name=financialpagetest1 status=SUCCESS method=BuyerPortal_FinancialPageTest.financialpagetest1()[pri:2, instance:testing.dev.BuyerPortal_FinancialPageTest@795cd85e] output={null}]]]>
              </value>
            </param>
          </params>
          <reporter-output>
          </reporter-output>
        </test-method> <!-- tearDown -->
        <test-method is-config="true" signature="closeReport()[pri:0, instance:testing.dev.BuyerPortal_FinancialPageTest@795cd85e]" started-at="2023-01-02T19:21:08 IST" name="closeReport" finished-at="2023-01-02T19:21:08 IST" duration-ms="494" status="PASS">
          <reporter-output>
          </reporter-output>
        </test-method> <!-- closeReport -->
      </class> <!-- testing.dev.BuyerPortal_FinancialPageTest -->
    </test> <!-- Default test -->
  </suite> <!-- Default suite -->
</testng-results>
